\BOOKMARK [0][-]{chapter.1}{\376\377\004\022\004\062\004\065\004\064\004\065\004\075\004\070\004\065}{}% 1
\BOOKMARK [1][-]{section.1.1}{\376\377\004\037\004\100\004\065\004\064\004\077\004\076\004\101\004\113\004\073\004\072\004\070}{chapter.1}% 2
\BOOKMARK [0][-]{chapter.2}{\376\377\004\041\004\077\004\070\004\101\004\076\004\072\000\040\004\077\004\100\004\076\004\063\004\100\004\060\004\074\004\074}{}% 3
\BOOKMARK [1][-]{section.2.1}{\376\377\004\041\004\070\004\101\004\102\004\065\004\074\004\075\004\113\004\065\000\040\004\077\004\100\004\076\004\063\004\100\004\060\004\074\004\074\004\113\000\040\004\070\000\040\004\070\004\075\004\101\004\102\004\100\004\103\004\074\004\065\004\075\004\102\004\113}{chapter.2}% 4
\BOOKMARK [2][-]{subsection.2.1.1}{\376\377\004\034\004\065\004\075\004\065\004\064\004\066\004\065\004\100\000\040\004\077\004\060\004\072\004\065\004\102\004\076\004\062\000\040\000S\000y\000n\000a\000p\000t\000i\000c}{section.2.1}% 5
\BOOKMARK [2][-]{subsection.2.1.2}{\376\377\000a\000p\000a\000c\000h\000e\0002}{section.2.1}% 6
\BOOKMARK [2][-]{subsection.2.1.3}{\376\377\000P\000H\000P}{section.2.1}% 7
\BOOKMARK [2][-]{subsection.2.1.4}{\376\377\000M\000y\000S\000Q\000L\000\040\000s\000e\000r\000v\000e\000r}{section.2.1}% 8
\BOOKMARK [1][-]{section.2.2}{\376\377\004\035\004\065\004\076\004\061\004\105\004\076\004\064\004\070\004\074\004\113\004\071\000\040\004\074\004\070\004\075\004\070\004\074\004\103\004\074}{chapter.2}% 9
\BOOKMARK [2][-]{subsection.2.2.1}{\376\377\000g\000i\000t}{section.2.2}% 10
\BOOKMARK [2][-]{subsection.2.2.2}{\376\377\000P\000o\000s\000t\000m\000a\000n}{section.2.2}% 11
\BOOKMARK [2][-]{subsection.2.2.3}{\376\377\000V\000i\000m}{section.2.2}% 12
\BOOKMARK [2][-]{subsection.2.2.4}{\376\377\000f\000i\000s\000h}{section.2.2}% 13
\BOOKMARK [2][-]{subsection.2.2.5}{\376\377\000R\000a\000n\000g\000e\000r}{section.2.2}% 14
\BOOKMARK [2][-]{subsection.2.2.6}{\376\377\000D\000B\000e\000a\000v\000e\000r\000\040\000C\000o\000m\000m\000u\000n\000i\000t\000y}{section.2.2}% 15
\BOOKMARK [2][-]{subsection.2.2.7}{\376\377\000J\000e\000t\000B\000r\000a\000i\000n\000s\000\040\000t\000o\000o\000l\000b\000a\000r}{section.2.2}% 16
\BOOKMARK [2][-]{subsection.2.2.8}{\376\377\004\034\004\065\004\075\004\065\004\064\004\066\004\065\004\100\000\040\004\062\004\070\004\100\004\102\004\103\004\060\004\073\004\114\004\075\004\113\004\105\000\040\004\074\004\060\004\110\004\070\004\075}{section.2.2}% 17
\BOOKMARK [2][-]{subsection.2.2.9}{\376\377\000E\000n\000p\000a\000s\000s}{section.2.2}% 18
\BOOKMARK [1][-]{section.2.3}{\376\377\004\024\004\076\004\077\004\076\004\073\004\075\004\070\004\102\004\065\004\073\004\114\004\075\004\113\004\065\000\040\004\070\000\040\004\077\004\076\004\073\004\065\004\067\004\075\004\113\004\065\000\040\004\110\004\102\004\103\004\072\004\070}{chapter.2}% 19
\BOOKMARK [2][-]{subsection.2.3.1}{\376\377\000L\000a\000t\000e\000x}{section.2.3}% 20
\BOOKMARK [2][-]{subsection.2.3.2}{\376\377\000t\000w\000i\000n\000u\000x}{section.2.3}% 21
\BOOKMARK [2][-]{subsection.2.3.3}{\376\377\000c\000a\000l\000i\000b\000r\000e}{section.2.3}% 22
\BOOKMARK [2][-]{subsection.2.3.4}{\376\377\000R\000c\000l\000o\000n\000e\000\040\000B\000r\000o\000w\000s\000e\000r}{section.2.3}% 23
\BOOKMARK [2][-]{subsection.2.3.5}{\376\377\000S\000t\000e\000a\000m}{section.2.3}% 24
\BOOKMARK [2][-]{subsection.2.3.6}{\376\377\000D\000i\000s\000c\000o\000r\000d}{section.2.3}% 25
\BOOKMARK [2][-]{subsection.2.3.7}{\376\377\000P\000h\000o\000t\000o\000G\000i\000m\000p}{section.2.3}% 26
\BOOKMARK [0][-]{chapter.3}{\376\377\004\037\004\076\004\064\004\075\004\060\004\101\004\102\004\100\004\076\004\071\004\072\004\060\000\040\004\076\004\072\004\100\004\103\004\066\004\065\004\075\004\070\004\117}{}% 27
\BOOKMARK [1][-]{section.3.1}{\376\377\004\027\004\060\004\074\004\065\004\075\004\060\000\040\004\074\004\065\004\101\004\102\004\060\004\074\004\070\000\040\004\072\004\075\004\076\004\077\004\076\004\072\000\040\000C\000A\000P\000S\000\040\000/\000\040\000C\000T\000R\000L}{chapter.3}% 28
\BOOKMARK [1][-]{section.3.2}{\376\377\004\037\004\065\004\100\004\065\004\062\004\076\004\064\000\040\004\062\004\113\004\064\004\065\004\073\004\065\004\075\004\075\004\076\004\063\004\076\000\040\004\102\004\065\004\072\004\101\004\102\004\060\000\040\004\077\004\076\000\040\000s\000h\000o\000r\000t\000c\000u\000t\000\040\004\062\004\075\004\103\004\102\004\100\004\070\000\040\004\101\004\070\004\101\004\102\004\065\004\074\004\113}{chapter.3}% 29
\BOOKMARK [1][-]{section.3.3}{\376\377\004\027\004\060\004\074\004\065\004\075\004\060\000\040\004\075\004\065\004\072\004\076\004\102\004\076\004\100\004\113\004\105\000\040\004\101\004\102\004\060\004\075\004\064\004\060\004\100\004\102\004\075\004\113\004\105\000\040\000s\000h\000o\000r\000t\000c\000u\000t\000\040\004\075\004\060\000\040\004\061\004\076\004\073\004\065\004\065\000\040\004\103\004\064\004\076\004\061\004\075\004\113\004\065}{chapter.3}% 30
\BOOKMARK [2][-]{subsection.3.3.1}{\376\377\004\041\004\075\004\070\004\074\004\076\004\072\000\040\004\062\004\113\004\064\004\065\004\073\004\065\004\075\004\075\004\076\004\071\000\040\004\076\004\061\004\073\004\060\004\101\004\102\004\070\000\040\004\075\004\060\000\040\004\115\004\072\004\100\004\060\004\075\004\065\000\040\004\062\000\040\004\061\004\103\004\104\004\065\004\100\000\040\004\076\004\061\004\074\004\065\004\075\004\060}{section.3.3}% 31
